{"level":"info","time":"2024-03-04T21:39:34Z","caller":"%!r(string=Backend%!r(string=/Users/thechosenone/GolandProjects/go-gin-template/pkg/log/log.go)outers)outers:18","message":"Logger Initialized"}
{"level":"info","time":"2024-03-04T21:39:34Z","caller":"%!r(string=Backend%!r(string=/Users/thechosenone/GolandProjects/go-gin-template/pkg/log/log.go)outers)outers:18","message":"Config Initialized"}
{"level":"info","time":"2024-03-04T21:45:36Z","caller":"%!r(string=Backend%!r(string=/Users/thechosenone/GolandProjects/go-gin-template/pkg/log/log.go)outers)outers:18","message":"Logger Initialized"}
{"level":"info","time":"2024-03-04T21:45:36Z","caller":"%!r(string=Backend%!r(string=/Users/thechosenone/GolandProjects/go-gin-template/pkg/log/log.go)outers)outers:18","message":"Config Initialized"}
{"level":"info","time":"2024-03-04T21:45:36Z","caller":"%!r(string=Backend%!r(string=/Users/thechosenone/GolandProjects/go-gin-template/pkg/log/log.go)outers)outers:18","message":"Database Initialized"}
{"level":"info","time":"2024-03-04T21:45:36Z","caller":"%!r(string=Backend%!r(string=/Users/thechosenone/GolandProjects/go-gin-template/pkg/log/log.go)outers)outers:18","message":"Redis Initialized"}
{"level":"info","time":"2024-03-04T21:48:45Z","caller":"%!r(string=Backend%!r(string=/Users/thechosenone/GolandProjects/go-gin-template/pkg/log/log.go)outers)outers:18","message":"Logger Initialized"}
{"level":"info","time":"2024-03-04T21:48:45Z","caller":"%!r(string=Backend%!r(string=/Users/thechosenone/GolandProjects/go-gin-template/pkg/log/log.go)outers)outers:18","message":"Config Initialized"}
{"level":"info","time":"2024-03-04T21:48:45Z","caller":"%!r(string=Backend%!r(string=/Users/thechosenone/GolandProjects/go-gin-template/pkg/log/log.go)outers)outers:18","message":"Database Initialized"}
{"level":"info","time":"2024-03-04T21:48:45Z","caller":"%!r(string=Backend%!r(string=/Users/thechosenone/GolandProjects/go-gin-template/pkg/log/log.go)outers)outers:18","message":"Redis Initialized"}
{"level":"info","time":"2024-03-04T21:54:40Z","caller":"%!r(string=Backend%!r(string=/Users/thechosenone/GolandProjects/go-gin-template/pkg/log/log.go)outers)outers:18","message":"Logger Initialized"}
{"level":"info","time":"2024-03-04T21:54:40Z","caller":"%!r(string=Backend%!r(string=/Users/thechosenone/GolandProjects/go-gin-template/pkg/log/log.go)outers)outers:18","message":"Config Initialized"}
{"level":"info","time":"2024-03-04T21:54:40Z","caller":"%!r(string=Backend%!r(string=/Users/thechosenone/GolandProjects/go-gin-template/pkg/log/log.go)outers)outers:18","message":"Database Initialized"}
{"level":"info","time":"2024-03-04T21:54:40Z","caller":"%!r(string=Backend%!r(string=/Users/thechosenone/GolandProjects/go-gin-template/pkg/log/log.go)outers)outers:18","message":"Redis Initialized"}
{"level":"info","time":"2024-03-04T21:55:54Z","caller":"%!r(string=Backend%!r(string=/Users/thechosenone/GolandProjects/go-gin-template/pkg/log/log.go)outers)outers:18","message":"Logger Initialized"}
{"level":"info","time":"2024-03-04T21:55:54Z","caller":"%!r(string=Backend%!r(string=/Users/thechosenone/GolandProjects/go-gin-template/pkg/log/log.go)outers)outers:18","message":"Config Initialized"}
{"level":"info","time":"2024-03-04T21:55:54Z","caller":"%!r(string=Backend%!r(string=/Users/thechosenone/GolandProjects/go-gin-template/pkg/log/log.go)outers)outers:18","message":"Database Initialized"}
{"level":"info","time":"2024-03-04T21:55:54Z","caller":"%!r(string=Backend%!r(string=/Users/thechosenone/GolandProjects/go-gin-template/pkg/log/log.go)outers)outers:18","message":"Redis Initialized"}
{"level":"info","time":"2024-03-04T22:04:37Z","caller":"%!r(string=Backend%!r(string=/Users/thechosenone/GolandProjects/go-gin-template/pkg/log/log.go)outers)outers:18","message":"Logger Initialized"}
{"level":"info","time":"2024-03-04T22:04:37Z","caller":"%!r(string=Backend%!r(string=/Users/thechosenone/GolandProjects/go-gin-template/pkg/log/log.go)outers)outers:18","message":"Config Initialized"}
{"level":"info","time":"2024-03-04T22:04:37Z","caller":"%!r(string=Backend%!r(string=/Users/thechosenone/GolandProjects/go-gin-template/pkg/log/log.go)outers)outers:18","message":"Database Initialized"}
{"level":"info","time":"2024-03-04T22:04:37Z","caller":"%!r(string=Backend%!r(string=/Users/thechosenone/GolandProjects/go-gin-template/pkg/log/log.go)outers)outers:18","message":"Redis Initialized"}
{"level":"info","time":"2024-03-04T22:05:17Z","caller":"%!r(string=Backend%!r(string=/Users/thechosenone/GolandProjects/go-gin-template/pkg/log/log.go)outers)outers:18","message":"Logger Initialized"}
{"level":"info","time":"2024-03-04T22:05:17Z","caller":"%!r(string=Backend%!r(string=/Users/thechosenone/GolandProjects/go-gin-template/pkg/log/log.go)outers)outers:18","message":"Config Initialized"}
{"level":"info","time":"2024-03-04T22:05:17Z","caller":"%!r(string=Backend%!r(string=/Users/thechosenone/GolandProjects/go-gin-template/pkg/log/log.go)outers)outers:18","message":"Database Initialized"}
{"level":"info","time":"2024-03-04T22:05:17Z","caller":"%!r(string=Backend%!r(string=/Users/thechosenone/GolandProjects/go-gin-template/pkg/log/log.go)outers)outers:18","message":"Redis Initialized"}
{"level":"info","time":"2024-03-04T22:13:24Z","caller":"%!r(string=Backend%!r(string=/Users/thechosenone/GolandProjects/go-gin-template/pkg/log/log.go)outers)outers:18","message":"Logger Initialized"}
{"level":"info","time":"2024-03-04T22:13:24Z","caller":"%!r(string=Backend%!r(string=/Users/thechosenone/GolandProjects/go-gin-template/pkg/log/log.go)outers)outers:18","message":"Config Initialized"}
{"level":"info","time":"2024-03-04T22:13:24Z","caller":"%!r(string=Backend%!r(string=/Users/thechosenone/GolandProjects/go-gin-template/pkg/log/log.go)outers)outers:18","message":"Database Initialized"}
{"level":"info","time":"2024-03-04T22:13:24Z","caller":"%!r(string=Backend%!r(string=/Users/thechosenone/GolandProjects/go-gin-template/pkg/log/log.go)outers)outers:18","message":"Redis Initialized"}
{"level":"info","time":"2024-03-04T22:16:41Z","caller":"%!r(string=Backend%!r(string=/Users/thechosenone/GolandProjects/go-gin-template/pkg/log/log.go)outers)outers:18","message":"Logger Initialized"}
{"level":"info","time":"2024-03-04T22:16:41Z","caller":"%!r(string=Backend%!r(string=/Users/thechosenone/GolandProjects/go-gin-template/pkg/log/log.go)outers)outers:18","message":"Config Initialized"}
{"level":"info","time":"2024-03-04T22:16:41Z","caller":"%!r(string=Backend%!r(string=/Users/thechosenone/GolandProjects/go-gin-template/pkg/log/log.go)outers)outers:18","message":"Database Initialized"}
{"level":"info","time":"2024-03-04T22:16:41Z","caller":"%!r(string=Backend%!r(string=/Users/thechosenone/GolandProjects/go-gin-template/pkg/log/log.go)outers)outers:18","message":"Redis Initialized"}
{"level":"info","time":"2024-03-04T22:18:11Z","caller":"%!r(string=Backend%!r(string=/Users/thechosenone/GolandProjects/go-gin-template/pkg/log/log.go)outers)outers:18","message":"Logger Initialized"}
{"level":"info","time":"2024-03-04T22:18:11Z","caller":"%!r(string=Backend%!r(string=/Users/thechosenone/GolandProjects/go-gin-template/pkg/log/log.go)outers)outers:18","message":"Config Initialized"}
{"level":"info","time":"2024-03-04T22:18:11Z","caller":"%!r(string=Backend%!r(string=/Users/thechosenone/GolandProjects/go-gin-template/pkg/log/log.go)outers)outers:18","message":"Database Initialized"}
{"level":"info","time":"2024-03-04T22:18:11Z","caller":"%!r(string=Backend%!r(string=/Users/thechosenone/GolandProjects/go-gin-template/pkg/log/log.go)outers)outers:18","message":"Redis Initialized"}
{"level":"info","time":"2024-03-04T22:18:32Z","caller":"%!r(string=Backend%!r(string=/Users/thechosenone/GolandProjects/go-gin-template/pkg/log/log.go)outers)outers:18","message":"Logger Initialized"}
{"level":"info","time":"2024-03-04T22:18:32Z","caller":"%!r(string=Backend%!r(string=/Users/thechosenone/GolandProjects/go-gin-template/pkg/log/log.go)outers)outers:18","message":"Config Initialized"}
{"level":"info","time":"2024-03-04T22:18:32Z","caller":"%!r(string=Backend%!r(string=/Users/thechosenone/GolandProjects/go-gin-template/pkg/log/log.go)outers)outers:18","message":"Database Initialized"}
{"level":"info","time":"2024-03-04T22:18:32Z","caller":"%!r(string=Backend%!r(string=/Users/thechosenone/GolandProjects/go-gin-template/pkg/log/log.go)outers)outers:18","message":"Redis Initialized"}
{"level":"info","time":"2024-03-04T22:21:05Z","caller":"%!r(string=Backend%!r(string=/Users/thechosenone/GolandProjects/go-gin-template/pkg/log/log.go)outers)outers:18","message":"Logger Initialized"}
{"level":"info","time":"2024-03-04T22:21:05Z","caller":"%!r(string=Backend%!r(string=/Users/thechosenone/GolandProjects/go-gin-template/pkg/log/log.go)outers)outers:18","message":"Config Initialized"}
{"level":"info","time":"2024-03-04T22:21:05Z","caller":"%!r(string=Backend%!r(string=/Users/thechosenone/GolandProjects/go-gin-template/pkg/log/log.go)outers)outers:18","message":"Database Initialized"}
{"level":"info","time":"2024-03-04T22:21:05Z","caller":"%!r(string=Backend%!r(string=/Users/thechosenone/GolandProjects/go-gin-template/pkg/log/log.go)outers)outers:18","message":"Redis Initialized"}
{"level":"info","time":"2024-03-04T22:22:05Z","caller":"%!r(string=Backend%!r(string=/Users/thechosenone/GolandProjects/go-gin-template/pkg/log/log.go)outers)outers:18","message":"Logger Initialized"}
{"level":"info","time":"2024-03-04T22:22:05Z","caller":"%!r(string=Backend%!r(string=/Users/thechosenone/GolandProjects/go-gin-template/pkg/log/log.go)outers)outers:18","message":"Config Initialized"}
{"level":"info","time":"2024-03-04T22:22:05Z","caller":"%!r(string=Backend%!r(string=/Users/thechosenone/GolandProjects/go-gin-template/pkg/log/log.go)outers)outers:18","message":"Database Initialized"}
{"level":"info","time":"2024-03-04T22:22:05Z","caller":"%!r(string=Backend%!r(string=/Users/thechosenone/GolandProjects/go-gin-template/pkg/log/log.go)outers)outers:18","message":"Redis Initialized"}
{"level":"info","time":"2024-03-04T22:22:39Z","caller":"%!r(string=Backend%!r(string=/Users/thechosenone/GolandProjects/go-gin-template/pkg/log/log.go)outers)outers:18","message":"Logger Initialized"}
{"level":"info","time":"2024-03-04T22:22:39Z","caller":"%!r(string=Backend%!r(string=/Users/thechosenone/GolandProjects/go-gin-template/pkg/log/log.go)outers)outers:18","message":"Config Initialized"}
{"level":"info","time":"2024-03-04T22:22:39Z","caller":"%!r(string=Backend%!r(string=/Users/thechosenone/GolandProjects/go-gin-template/pkg/log/log.go)outers)outers:18","message":"Database Initialized"}
{"level":"info","time":"2024-03-04T22:22:39Z","caller":"%!r(string=Backend%!r(string=/Users/thechosenone/GolandProjects/go-gin-template/pkg/log/log.go)outers)outers:18","message":"Redis Initialized"}
{"level":"info","time":"2024-03-04T22:23:49Z","caller":"%!r(string=Backend%!r(string=/Users/thechosenone/GolandProjects/go-gin-template/pkg/log/log.go)outers)outers:18","message":"Logger Initialized"}
{"level":"info","time":"2024-03-04T22:23:49Z","caller":"%!r(string=Backend%!r(string=/Users/thechosenone/GolandProjects/go-gin-template/pkg/log/log.go)outers)outers:18","message":"Config Initialized"}
{"level":"info","time":"2024-03-04T22:23:50Z","caller":"%!r(string=Backend%!r(string=/Users/thechosenone/GolandProjects/go-gin-template/pkg/log/log.go)outers)outers:18","message":"Database Initialized"}
{"level":"info","time":"2024-03-04T22:23:50Z","caller":"%!r(string=Backend%!r(string=/Users/thechosenone/GolandProjects/go-gin-template/pkg/log/log.go)outers)outers:18","message":"Redis Initialized"}
{"level":"info","time":"2024-03-04T22:25:09Z","caller":"%!r(string=Backend%!r(string=/Users/thechosenone/GolandProjects/go-gin-template/pkg/log/log.go)outers)outers:18","message":"Logger Initialized"}
{"level":"info","time":"2024-03-04T22:25:09Z","caller":"%!r(string=Backend%!r(string=/Users/thechosenone/GolandProjects/go-gin-template/pkg/log/log.go)outers)outers:18","message":"Config Initialized"}
{"level":"info","time":"2024-03-04T22:25:09Z","caller":"%!r(string=Backend%!r(string=/Users/thechosenone/GolandProjects/go-gin-template/pkg/log/log.go)outers)outers:18","message":"Database Initialized"}
{"level":"info","time":"2024-03-04T22:25:09Z","caller":"%!r(string=Backend%!r(string=/Users/thechosenone/GolandProjects/go-gin-template/pkg/log/log.go)outers)outers:18","message":"Redis Initialized"}
{"level":"info","time":"2024-03-04T22:26:20Z","caller":"%!r(string=Backend%!r(string=/Users/thechosenone/GolandProjects/go-gin-template/pkg/log/log.go)outers)outers:18","message":"handled /user/me, latency: 10.624958ms, response status: 200"}
{"level":"info","time":"2024-03-04T22:26:36Z","caller":"%!r(string=Backend%!r(string=/Users/thechosenone/GolandProjects/go-gin-template/pkg/log/log.go)outers)outers:18","message":"handled /user/delete, latency: 9.690334ms, response status: 200"}
{"level":"info","time":"2024-03-04T22:31:29Z","caller":"%!r(string=Backend%!r(string=/Users/thechosenone/GolandProjects/go-gin-template/pkg/log/log.go)outers)outers:18","message":"Logger Initialized"}
{"level":"info","time":"2024-03-04T22:31:29Z","caller":"%!r(string=Backend%!r(string=/Users/thechosenone/GolandProjects/go-gin-template/pkg/log/log.go)outers)outers:18","message":"Config Initialized"}
{"level":"info","time":"2024-03-04T22:31:29Z","caller":"%!r(string=Backend%!r(string=/Users/thechosenone/GolandProjects/go-gin-template/pkg/log/log.go)outers)outers:18","message":"Database Initialized"}
{"level":"info","time":"2024-03-04T22:31:29Z","caller":"%!r(string=Backend%!r(string=/Users/thechosenone/GolandProjects/go-gin-template/pkg/log/log.go)outers)outers:18","message":"Redis Initialized"}
{"level":"info","time":"2024-03-04T22:32:03Z","caller":"%!r(string=Backend%!r(string=/Users/thechosenone/GolandProjects/go-gin-template/pkg/log/log.go)outers)outers:18","message":"handled /user/delete, latency: 7.649208ms, response status: 200"}
